<?xml version="1.0" encoding="UTF-8" ?>
<testsuite failures="0" time="0.224" errors="0" skipped="4" tests="5" name="org.easylife.test.uc.XtreamTestCase">
  <properties>
[...]
</properties>
  <testcase time="0.187" classname="org.easylife.test.uc.XtreamTestCase" name="test4"/>
  <testcase time="0.189" classname="org.easylife.test.uc.XtreamTestCase" name="test1">
    <skipped/>
  </testcase>
  <testcase time="0.189" classname="org.easylife.test.uc.XtreamTestCase" name="writeMap2XML">
    <skipped/>
  </testcase>
  <testcase time="0.189" classname="org.easylife.test.uc.XtreamTestCase" name="test2">
    <skipped/>
  </testcase>
  <testcase time="0.189" classname="org.easylife.test.uc.XtreamTestCase" name="writeXML4OutStream">
    <skipped/>
  </testcase>
</testsuite>